Command line:
   FS_1007_TB_isim_beh.exe
     -simmode  gui
     -simrunnum  0
     -socket  50869

Tue Jan 03 13:26:09 2023


 Elaboration Time: 0.0625 sec

 Current Memory Usage: 5161.26 Meg

 Total Signals          : 20
 Total Nets             : 18
 Total Signal Drivers   : 10
 Total Blocks           : 3
 Total Primitive Blocks : 2
 Total Processes        : 12
 Total Traceable Variables  : 21
 Total Scalar Nets and Variables : 101
Total Line Count : 26

 Total Simulation Time: 0.109375 sec

 Current Memory Usage: 4689.4 Meg

Tue Jan 03 14:08:42 2023

