Command line:
   SEQ1011_1007_TB_isim_beh.exe
     -simmode  gui
     -simrunnum  0
     -socket  57669

Fri Jan 06 11:40:32 2023


 Elaboration Time: 0.015625 sec

 Current Memory Usage: 5160.69 Meg

 Total Signals          : 19
 Total Nets             : 21
 Total Signal Drivers   : 11
 Total Blocks           : 3
 Total Primitive Blocks : 2
 Total Processes        : 18
 Total Traceable Variables  : 29
 Total Scalar Nets and Variables : 146
Total Line Count : 56

 Total Simulation Time: 0.03125 sec

 Current Memory Usage: 4688.83 Meg

Fri Jan 06 11:58:25 2023

