Command line:
   MUX21_1007_TB_isim_beh.exe
     -simmode  gui
     -simrunnum  0
     -socket  51170

Tue Jan 03 14:11:19 2023


 Elaboration Time: 0.015625 sec

 Current Memory Usage: 5160.69 Meg

 Total Signals          : 18
 Total Nets             : 17
 Total Signal Drivers   : 9
 Total Blocks           : 3
 Total Primitive Blocks : 2
 Total Processes        : 11
 Total Traceable Variables  : 21
 Total Scalar Nets and Variables : 100
Total Line Count : 25

 Total Simulation Time: 0.03125 sec

 Current Memory Usage: 4688.83 Meg

Tue Jan 03 14:38:10 2023

