ISim log file
Running: C:\Users\admin\Desktop\FPGASDP_120A1107\FS_1007\FS_1007_TB_isim_beh.exe -intstyle ise -gui -tclbatch isim.cmd -wdb C:/Users/admin/Desktop/FPGASDP_120A1107/FS_1007/FS_1007_TB_isim_beh.wdb 
ISim P.20131013 (signature 0x7708f090)
WARNING: A WEBPACK license was found.
WARNING: Please use Xilinx License Configuration Manager to check out a full ISim license.
WARNING: ISim will run in Lite mode. Please refer to the ISim documentation for more information on the differences between the Lite and the Full version.
This is a Lite version of ISim.
Time resolution is 1 ps
# onerror resume
# wave add /
# run 1000 ns
Simulator is doing circuit initialization process.
Finished circuit initialization process.
                   0a=0, b=0, c=0, s=0, cout=0
                   5a=0, b=0, c=1, s=1, cout=1
                  10a=0, b=1, c=0, s=1, cout=1
                  15a=0, b=1, c=1, s=0, cout=1
                  20a=1, b=0, c=0, s=1, cout=0
                  25a=1, b=0, c=1, s=0, cout=0
                  30a=1, b=1, c=0, s=0, cout=0
                  35a=1, b=1, c=1, s=1, cout=1
