--------------------------------------------------------------------------------
Release 14.7 Trace  (nt64)
Copyright (c) 1995-2013 Xilinx, Inc.  All rights reserved.

C:\Xilinx\14.7\ISE_DS\ISE\bin\nt64\unwrapped\trce.exe -intstyle ise -v 3 -s 3
-n 3 -fastpaths -xml FA_1007_ST.twx FA_1007_ST.ncd -o FA_1007_ST.twr
FA_1007_ST.pcf -ucf FA_1007.ucf

Design file:              FA_1007_ST.ncd
Physical constraint file: FA_1007_ST.pcf
Device,package,speed:     xc6slx9,csg324,C,-3 (PRODUCTION 1.23 2013-10-13)
Report level:             verbose report

Environment Variable      Effect 
--------------------      ------ 
NONE                      No environment variables were set
--------------------------------------------------------------------------------

INFO:Timing:2698 - No timing constraints found, doing default enumeration.
INFO:Timing:3412 - To improve timing, see the Timing Closure User Guide (UG612).
INFO:Timing:2752 - To get complete path coverage, use the unconstrained paths 
   option. All paths that are not constrained will be reported in the 
   unconstrained paths section(s) of the report.
INFO:Timing:3339 - The clock-to-out numbers in this timing report are based on 
   a 50 Ohm transmission line loading model.  For the details of this model, 
   and for more information on accounting for different loading conditions, 
   please see the device datasheet.



Data Sheet report:
-----------------
All values displayed in nanoseconds (ns)

Pad to Pad
---------------+---------------+---------+
Source Pad     |Destination Pad|  Delay  |
---------------+---------------+---------+
a<0>           |cout           |   10.698|
a<0>           |s<0>           |    9.533|
a<0>           |s<1>           |    9.667|
a<0>           |s<2>           |   10.695|
a<0>           |s<3>           |   10.829|
a<1>           |cout           |   11.330|
a<1>           |s<1>           |   10.299|
a<1>           |s<2>           |   11.327|
a<1>           |s<3>           |   11.461|
a<2>           |cout           |   10.023|
a<2>           |s<2>           |   10.319|
a<2>           |s<3>           |   10.154|
a<3>           |cout           |    9.727|
a<3>           |s<3>           |    9.858|
b<0>           |cout           |   10.441|
b<0>           |s<0>           |    9.149|
b<0>           |s<1>           |    9.410|
b<0>           |s<2>           |   10.438|
b<0>           |s<3>           |   10.572|
b<1>           |cout           |   10.629|
b<1>           |s<1>           |    9.598|
b<1>           |s<2>           |   10.626|
b<1>           |s<3>           |   10.760|
b<2>           |cout           |    9.853|
b<2>           |s<2>           |   10.032|
b<2>           |s<3>           |    9.984|
b<3>           |cout           |    9.871|
b<3>           |s<3>           |   10.002|
c              |cout           |   10.422|
c              |s<0>           |    9.137|
c              |s<1>           |    9.391|
c              |s<2>           |   10.419|
c              |s<3>           |   10.553|
---------------+---------------+---------+


Analysis completed Wed Jan 04 11:43:50 2023 
--------------------------------------------------------------------------------

Trace Settings:
-------------------------
Trace Settings 

Peak Memory Usage: 4550 MB



