--------------------------------------------------------------------------------
Release 14.7 Trace  (nt64)
Copyright (c) 1995-2013 Xilinx, Inc.  All rights reserved.

C:\Xilinx\14.7\ISE_DS\ISE\bin\nt64\unwrapped\trce.exe -intstyle ise -v 3 -s 3
-n 3 -fastpaths -xml mux8.twx mux8.ncd -o mux8.twr mux8.pcf -ucf mux8.ucf

Design file:              mux8.ncd
Physical constraint file: mux8.pcf
Device,package,speed:     xc6slx9,csg324,C,-3 (PRODUCTION 1.23 2013-10-13)
Report level:             verbose report

Environment Variable      Effect 
--------------------      ------ 
NONE                      No environment variables were set
--------------------------------------------------------------------------------

INFO:Timing:2698 - No timing constraints found, doing default enumeration.
INFO:Timing:3412 - To improve timing, see the Timing Closure User Guide (UG612).
INFO:Timing:2752 - To get complete path coverage, use the unconstrained paths 
   option. All paths that are not constrained will be reported in the 
   unconstrained paths section(s) of the report.
INFO:Timing:3339 - The clock-to-out numbers in this timing report are based on 
   a 50 Ohm transmission line loading model.  For the details of this model, 
   and for more information on accounting for different loading conditions, 
   please see the device datasheet.



Data Sheet report:
-----------------
All values displayed in nanoseconds (ns)

Pad to Pad
---------------+---------------+---------+
Source Pad     |Destination Pad|  Delay  |
---------------+---------------+---------+
i<0>           |o              |   10.085|
i<1>           |o              |    9.610|
i<2>           |o              |   10.076|
i<3>           |o              |    9.822|
i<4>           |o              |   10.326|
i<5>           |o              |   10.232|
i<6>           |o              |   10.295|
i<7>           |o              |   10.014|
s<0>           |o              |   11.637|
s<1>           |o              |   11.430|
s<2>           |o              |   11.379|
---------------+---------------+---------+


Analysis completed Wed Jan 04 02:00:02 2023 
--------------------------------------------------------------------------------

Trace Settings:
-------------------------
Trace Settings 

Peak Memory Usage: 4550 MB



