Release 14.7 - xst P.20131013 (nt64)
Copyright (c) 1995-2013 Xilinx, Inc.  All rights reserved.
--> Parameter TMPDIR set to xst/projnav.tmp


Total REAL time to Xst completion: 0.00 secs
Total CPU time to Xst completion: 0.06 secs
 
--> Parameter xsthdpdir set to xst


Total REAL time to Xst completion: 0.00 secs
Total CPU time to Xst completion: 0.06 secs
 
--> Reading design: BCD_COUNTER_4.prj

TABLE OF CONTENTS
  1) Synthesis Options Summary
  2) HDL Parsing
  3) HDL Elaboration
  4) HDL Synthesis
       4.1) HDL Synthesis Report
  5) Advanced HDL Synthesis
       5.1) Advanced HDL Synthesis Report
  6) Low Level Synthesis
  7) Partition Report
  8) Design Summary
       8.1) Primitive and Black Box Usage
       8.2) Device utilization summary
       8.3) Partition Resource Summary
       8.4) Timing Report
            8.4.1) Clock Information
            8.4.2) Asynchronous Control Signals Information
            8.4.3) Timing Summary
            8.4.4) Timing Details
            8.4.5) Cross Clock Domains Report


=========================================================================
*                      Synthesis Options Summary                        *
=========================================================================
---- Source Parameters
Input File Name                    : "BCD_COUNTER_4.prj"
Ignore Synthesis Constraint File   : NO

---- Target Parameters
Output File Name                   : "BCD_COUNTER_4"
Output Format                      : NGC
Target Device                      : xc6slx9-3-csg324

---- Source Options
Top Module Name                    : BCD_COUNTER_4
Automatic FSM Extraction           : YES
FSM Encoding Algorithm             : Auto
Safe Implementation                : No
FSM Style                          : LUT
RAM Extraction                     : Yes
RAM Style                          : Auto
ROM Extraction                     : Yes
Shift Register Extraction          : YES
ROM Style                          : Auto
Resource Sharing                   : YES
Asynchronous To Synchronous        : NO
Shift Register Minimum Size        : 2
Use DSP Block                      : Auto
Automatic Register Balancing       : No

---- Target Options
LUT Combining                      : Auto
Reduce Control Sets                : Auto
Add IO Buffers                     : YES
Global Maximum Fanout              : 100000
Add Generic Clock Buffer(BUFG)     : 16
Register Duplication               : YES
Optimize Instantiated Primitives   : NO
Use Clock Enable                   : Auto
Use Synchronous Set                : Auto
Use Synchronous Reset              : Auto
Pack IO Registers into IOBs        : Auto
Equivalent register Removal        : YES

---- General Options
Optimization Goal                  : Speed
Optimization Effort                : 1
Power Reduction                    : NO
Keep Hierarchy                     : No
Netlist Hierarchy                  : As_Optimized
RTL Output                         : Yes
Global Optimization                : AllClockNets
Read Cores                         : YES
Write Timing Constraints           : NO
Cross Clock Analysis               : NO
Hierarchy Separator                : /
Bus Delimiter                      : <>
Case Specifier                     : Maintain
Slice Utilization Ratio            : 100
BRAM Utilization Ratio             : 100
DSP48 Utilization Ratio            : 100
Auto BRAM Packing                  : NO
Slice Utilization Ratio Delta      : 5

=========================================================================


=========================================================================
*                          HDL Parsing                                  *
=========================================================================
Analyzing Verilog file "C:\Users\admin\Desktop\FPGASDP_120A1107\BCD_COUNTER_1007\BCD_COUNTER.v" into library work
Parsing module <BCD_COUNTER_4>.

=========================================================================
*                            HDL Elaboration                            *
=========================================================================

Elaborating module <BCD_COUNTER_4>.

=========================================================================
*                           HDL Synthesis                               *
=========================================================================

Synthesizing Unit <BCD_COUNTER_4>.
    Related source file is "C:\Users\admin\Desktop\FPGASDP_120A1107\BCD_COUNTER_1007\BCD_COUNTER.v".
    Found 4-bit register for signal <q>.
    Found 27-bit register for signal <divider>.
    Found 27-bit adder for signal <divider[26]_GND_1_o_add_0_OUT> created at line 32.
    Found 4-bit adder for signal <out[3]_GND_1_o_add_3_OUT> created at line 39.
    Found 4-bit comparator greater for signal <out[3]_PWR_1_o_LessThan_3_o> created at line 38
    Summary:
	inferred   2 Adder/Subtractor(s).
	inferred  31 D-type flip-flop(s).
	inferred   1 Comparator(s).
	inferred   1 Multiplexer(s).
Unit <BCD_COUNTER_4> synthesized.

=========================================================================
HDL Synthesis Report

Macro Statistics
# Adders/Subtractors                                   : 2
 27-bit adder                                          : 1
 4-bit adder                                           : 1
# Registers                                            : 2
 27-bit register                                       : 1
 4-bit register                                        : 1
# Comparators                                          : 1
 4-bit comparator greater                              : 1
# Multiplexers                                         : 1
 4-bit 2-to-1 multiplexer                              : 1

=========================================================================

=========================================================================
*                       Advanced HDL Synthesis                          *
=========================================================================


Synthesizing (advanced) Unit <BCD_COUNTER_4>.
The following registers are absorbed into counter <divider>: 1 register on signal <divider>.
The following registers are absorbed into counter <out>: 1 register on signal <out>.
Unit <BCD_COUNTER_4> synthesized (advanced).

=========================================================================
Advanced HDL Synthesis Report

Macro Statistics
# Counters                                             : 2
 27-bit up counter                                     : 1
 4-bit up counter                                      : 1
# Comparators                                          : 1
 4-bit comparator greater                              : 1

=========================================================================

=========================================================================
*                         Low Level Synthesis                           *
=========================================================================
WARNING:Xst:2677 - Node <divider_26> of sequential type is unconnected in block <BCD_COUNTER_4>.

Optimizing unit <BCD_COUNTER_4> ...

Mapping all equations...
Building and optimizing final netlist ...
Found area constraint ratio of 100 (+ 5) on block BCD_COUNTER_4, actual ratio is 0.

Final Macro Processing ...

=========================================================================
Final Register Report

Macro Statistics
# Registers                                            : 30
 Flip-Flops                                            : 30

=========================================================================

=========================================================================
*                           Partition Report                            *
=========================================================================

Partition Implementation Status
-------------------------------

  No Partitions were found in this design.

-------------------------------

=========================================================================
*                            Design Summary                             *
=========================================================================

Top Level Output File Name         : BCD_COUNTER_4.ngc

Primitive and Black Box Usage:
------------------------------
# BELS                             : 83
#      GND                         : 1
#      INV                         : 1
#      LUT1                        : 25
#      LUT3                        : 1
#      LUT4                        : 3
#      MUXCY                       : 25
#      VCC                         : 1
#      XORCY                       : 26
# FlipFlops/Latches                : 30
#      FDC                         : 30
# Clock Buffers                    : 1
#      BUFGP                       : 1
# IO Buffers                       : 5
#      IBUF                        : 1
#      OBUF                        : 4

Device utilization summary:
---------------------------

Selected Device : 6slx9csg324-3 


Slice Logic Utilization: 
 Number of Slice Registers:              30  out of  11440     0%  
 Number of Slice LUTs:                   30  out of   5720     0%  
    Number used as Logic:                30  out of   5720     0%  

Slice Logic Distribution: 
 Number of LUT Flip Flop pairs used:     30
   Number with an unused Flip Flop:       0  out of     30     0%  
   Number with an unused LUT:             0  out of     30     0%  
   Number of fully used LUT-FF pairs:    30  out of     30   100%  
   Number of unique control sets:         2

IO Utilization: 
 Number of IOs:                           6
 Number of bonded IOBs:                   6  out of    200     3%  

Specific Feature Utilization:
 Number of BUFG/BUFGCTRLs:                1  out of     16     6%  

---------------------------
Partition Resource Summary:
---------------------------

  No Partitions were found in this design.

---------------------------


=========================================================================
Timing Report

NOTE: THESE TIMING NUMBERS ARE ONLY A SYNTHESIS ESTIMATE.
      FOR ACCURATE TIMING INFORMATION PLEASE REFER TO THE TRACE REPORT
      GENERATED AFTER PLACE-and-ROUTE.

Clock Information:
------------------
-----------------------------------+------------------------+-------+
Clock Signal                       | Clock buffer(FF name)  | Load  |
-----------------------------------+------------------------+-------+
clk                                | BUFGP                  | 26    |
divider_25                         | NONE(out_0)            | 4     |
-----------------------------------+------------------------+-------+
INFO:Xst:2169 - HDL ADVISOR - Some clock signals were not automatically buffered by XST with BUFG/BUFR resources. Please use the buffer_type constraint in order to insert these buffers to the clock signals to help prevent skew problems.

Asynchronous Control Signals Information:
----------------------------------------
No asynchronous control signals found in this design

Timing Summary:
---------------
Speed Grade: -3

   Minimum period: 2.142ns (Maximum Frequency: 466.886MHz)
   Minimum input arrival time before clock: 2.915ns
   Maximum output required time after clock: 3.732ns
   Maximum combinational path delay: No path found

Timing Details:
---------------
All values displayed in nanoseconds (ns)

=========================================================================
Timing constraint: Default period analysis for Clock 'clk'
  Clock period: 2.142ns (frequency: 466.886MHz)
  Total number of paths / destination ports: 351 / 26
-------------------------------------------------------------------------
Delay:               2.142ns (Levels of Logic = 27)
  Source:            divider_0 (FF)
  Destination:       divider_25 (FF)
  Source Clock:      clk rising
  Destination Clock: clk rising

  Data Path: divider_0 to divider_25
                                Gate     Net
    Cell:in->out      fanout   Delay   Delay  Logical Name (Net Name)
    ----------------------------------------  ------------
     FDC:C->Q              1   0.447   0.579  divider_0 (divider_0)
     INV:I->O              1   0.206   0.000  Mcount_divider_lut<0>_INV_0 (Mcount_divider_lut<0>)
     MUXCY:S->O            1   0.172   0.000  Mcount_divider_cy<0> (Mcount_divider_cy<0>)
     MUXCY:CI->O           1   0.019   0.000  Mcount_divider_cy<1> (Mcount_divider_cy<1>)
     MUXCY:CI->O           1   0.019   0.000  Mcount_divider_cy<2> (Mcount_divider_cy<2>)
     MUXCY:CI->O           1   0.019   0.000  Mcount_divider_cy<3> (Mcount_divider_cy<3>)
     MUXCY:CI->O           1   0.019   0.000  Mcount_divider_cy<4> (Mcount_divider_cy<4>)
     MUXCY:CI->O           1   0.019   0.000  Mcount_divider_cy<5> (Mcount_divider_cy<5>)
     MUXCY:CI->O           1   0.019   0.000  Mcount_divider_cy<6> (Mcount_divider_cy<6>)
     MUXCY:CI->O           1   0.019   0.000  Mcount_divider_cy<7> (Mcount_divider_cy<7>)
     MUXCY:CI->O           1   0.019   0.000  Mcount_divider_cy<8> (Mcount_divider_cy<8>)
     MUXCY:CI->O           1   0.019   0.000  Mcount_divider_cy<9> (Mcount_divider_cy<9>)
     MUXCY:CI->O           1   0.019   0.000  Mcount_divider_cy<10> (Mcount_divider_cy<10>)
     MUXCY:CI->O           1   0.019   0.000  Mcount_divider_cy<11> (Mcount_divider_cy<11>)
     MUXCY:CI->O           1   0.019   0.000  Mcount_divider_cy<12> (Mcount_divider_cy<12>)
     MUXCY:CI->O           1   0.019   0.000  Mcount_divider_cy<13> (Mcount_divider_cy<13>)
     MUXCY:CI->O           1   0.019   0.000  Mcount_divider_cy<14> (Mcount_divider_cy<14>)
     MUXCY:CI->O           1   0.019   0.000  Mcount_divider_cy<15> (Mcount_divider_cy<15>)
     MUXCY:CI->O           1   0.019   0.000  Mcount_divider_cy<16> (Mcount_divider_cy<16>)
     MUXCY:CI->O           1   0.019   0.000  Mcount_divider_cy<17> (Mcount_divider_cy<17>)
     MUXCY:CI->O           1   0.019   0.000  Mcount_divider_cy<18> (Mcount_divider_cy<18>)
     MUXCY:CI->O           1   0.019   0.000  Mcount_divider_cy<19> (Mcount_divider_cy<19>)
     MUXCY:CI->O           1   0.019   0.000  Mcount_divider_cy<20> (Mcount_divider_cy<20>)
     MUXCY:CI->O           1   0.019   0.000  Mcount_divider_cy<21> (Mcount_divider_cy<21>)
     MUXCY:CI->O           1   0.019   0.000  Mcount_divider_cy<22> (Mcount_divider_cy<22>)
     MUXCY:CI->O           1   0.019   0.000  Mcount_divider_cy<23> (Mcount_divider_cy<23>)
     MUXCY:CI->O           0   0.019   0.000  Mcount_divider_cy<24> (Mcount_divider_cy<24>)
     XORCY:CI->O           1   0.180   0.000  Mcount_divider_xor<25> (Result<25>)
     FDC:D                     0.102          divider_25
    ----------------------------------------
    Total                      2.142ns (1.563ns logic, 0.579ns route)
                                       (73.0% logic, 27.0% route)

=========================================================================
Timing constraint: Default period analysis for Clock 'divider_25'
  Clock period: 1.714ns (frequency: 583.431MHz)
  Total number of paths / destination ports: 15 / 4
-------------------------------------------------------------------------
Delay:               1.714ns (Levels of Logic = 1)
  Source:            out_0 (FF)
  Destination:       out_0 (FF)
  Source Clock:      divider_25 rising
  Destination Clock: divider_25 rising

  Data Path: out_0 to out_0
                                Gate     Net
    Cell:in->out      fanout   Delay   Delay  Logical Name (Net Name)
    ----------------------------------------  ------------
     FDC:C->Q              5   0.447   0.962  out_0 (out_0)
     LUT4:I0->O            1   0.203   0.000  Mcount_out_xor<0>11 (Mcount_out)
     FDC:D                     0.102          out_0
    ----------------------------------------
    Total                      1.714ns (0.752ns logic, 0.962ns route)
                                       (43.9% logic, 56.1% route)

=========================================================================
Timing constraint: Default OFFSET IN BEFORE for Clock 'clk'
  Total number of paths / destination ports: 26 / 26
-------------------------------------------------------------------------
Offset:              2.915ns (Levels of Logic = 1)
  Source:            reset (PAD)
  Destination:       divider_0 (FF)
  Destination Clock: clk rising

  Data Path: reset to divider_0
                                Gate     Net
    Cell:in->out      fanout   Delay   Delay  Logical Name (Net Name)
    ----------------------------------------  ------------
     IBUF:I->O            30   1.222   1.263  reset_IBUF (reset_IBUF)
     FDC:CLR                   0.430          divider_0
    ----------------------------------------
    Total                      2.915ns (1.652ns logic, 1.263ns route)
                                       (56.7% logic, 43.3% route)

=========================================================================
Timing constraint: Default OFFSET IN BEFORE for Clock 'divider_25'
  Total number of paths / destination ports: 4 / 4
-------------------------------------------------------------------------
Offset:              2.915ns (Levels of Logic = 1)
  Source:            reset (PAD)
  Destination:       out_0 (FF)
  Destination Clock: divider_25 rising

  Data Path: reset to out_0
                                Gate     Net
    Cell:in->out      fanout   Delay   Delay  Logical Name (Net Name)
    ----------------------------------------  ------------
     IBUF:I->O            30   1.222   1.263  reset_IBUF (reset_IBUF)
     FDC:CLR                   0.430          out_0
    ----------------------------------------
    Total                      2.915ns (1.652ns logic, 1.263ns route)
                                       (56.7% logic, 43.3% route)

=========================================================================
Timing constraint: Default OFFSET OUT AFTER for Clock 'divider_25'
  Total number of paths / destination ports: 4 / 4
-------------------------------------------------------------------------
Offset:              3.732ns (Levels of Logic = 1)
  Source:            out_3 (FF)
  Destination:       q<3> (PAD)
  Source Clock:      divider_25 rising

  Data Path: out_3 to q<3>
                                Gate     Net
    Cell:in->out      fanout   Delay   Delay  Logical Name (Net Name)
    ----------------------------------------  ------------
     FDC:C->Q              5   0.447   0.714  out_3 (out_3)
     OBUF:I->O                 2.571          q_3_OBUF (q<3>)
    ----------------------------------------
    Total                      3.732ns (3.018ns logic, 0.714ns route)
                                       (80.9% logic, 19.1% route)

=========================================================================

Cross Clock Domains Report:
--------------------------

Clock to Setup on destination clock clk
---------------+---------+---------+---------+---------+
               | Src:Rise| Src:Fall| Src:Rise| Src:Fall|
Source Clock   |Dest:Rise|Dest:Rise|Dest:Fall|Dest:Fall|
---------------+---------+---------+---------+---------+
clk            |    2.142|         |         |         |
---------------+---------+---------+---------+---------+

Clock to Setup on destination clock divider_25
---------------+---------+---------+---------+---------+
               | Src:Rise| Src:Fall| Src:Rise| Src:Fall|
Source Clock   |Dest:Rise|Dest:Rise|Dest:Fall|Dest:Fall|
---------------+---------+---------+---------+---------+
divider_25     |    1.714|         |         |         |
---------------+---------+---------+---------+---------+

=========================================================================


Total REAL time to Xst completion: 4.00 secs
Total CPU time to Xst completion: 3.65 secs
 
--> 

Total memory usage is 4508136 kilobytes

Number of errors   :    0 (   0 filtered)
Number of warnings :    1 (   0 filtered)
Number of infos    :    1 (   0 filtered)

